# JRE version: OpenJDK Runtime Environment (7.0_95) (build 1.7.0_95-b00)
# Java VM: OpenJDK 64-Bit Server VM (24.95-b01 mixed mode linux-amd64 compressed oops)
Heap
 PSYoungGen      total 198144K, used 108446K [0x00000000ebf00000, 0x00000000fef00000, 0x0000000100000000)
  eden space 88576K, 0% used [0x00000000ebf00000,0x00000000ebf00000,0x00000000f1580000)
  from space 109568K, 98% used [0x00000000f8080000,0x00000000fea67828,0x00000000feb80000)
  to   space 109568K, 0% used [0x00000000f1580000,0x00000000f1580000,0x00000000f8080000)
 ParOldGen       total 428032K, used 427972K [0x00000000c3e00000, 0x00000000de000000, 0x00000000ebf00000)
  object space 428032K, 99% used [0x00000000c3e00000,0x00000000ddff1008,0x00000000de000000)
 PSPermGen       total 21504K, used 8261K [0x00000000b9800000, 0x00000000bad00000, 0x00000000c3e00000)
  object space 21504K, 38% used [0x00000000b9800000,0x00000000ba011530,0x00000000bad00000)
GC Heap History (10 events):
Event: 6.614 GC heap after
Heap after GC invocations=12 (full 3):
 PSYoungGen      total 149504K, used 90112K [0x00000000ebf00000, 0x00000000fdc00000, 0x0000000100000000)
  eden space 59392K, 0% used [0x00000000ebf00000,0x00000000ebf00000,0x00000000ef900000)
  from space 90112K, 100% used [0x00000000ef900000,0x00000000f5100000,0x00000000f5100000)
  to   space 109568K, 0% used [0x00000000f7100000,0x00000000f7100000,0x00000000fdc00000)
 ParOldGen       total 303104K, used 265595K [0x00000000c3e00000, 0x00000000d6600000, 0x00000000ebf00000)
  object space 303104K, 87% used [0x00000000c3e00000,0x00000000d415edc0,0x00000000d6600000)
 PSPermGen       total 21504K, used 8258K [0x00000000b9800000, 0x00000000bad00000, 0x00000000c3e00000)
  object space 21504K, 38% used [0x00000000b9800000,0x00000000ba010b70,0x00000000bad00000)
}
Event: 6.614 GC heap before
{Heap before GC invocations=13 (full 4):
 PSYoungGen      total 149504K, used 90112K [0x00000000ebf00000, 0x00000000fdc00000, 0x0000000100000000)
  eden space 59392K, 0% used [0x00000000ebf00000,0x00000000ebf00000,0x00000000ef900000)
  from space 90112K, 100% used [0x00000000ef900000,0x00000000f5100000,0x00000000f5100000)
  to   space 109568K, 0% used [0x00000000f7100000,0x00000000f7100000,0x00000000fdc00000)
 ParOldGen       total 303104K, used 265595K [0x00000000c3e00000, 0x00000000d6600000, 0x00000000ebf00000)
  object space 303104K, 87% used [0x00000000c3e00000,0x00000000d415edc0,0x00000000d6600000)
 PSPermGen       total 21504K, used 8258K [0x00000000b9800000, 0x00000000bad00000, 0x00000000c3e00000)
  object space 21504K, 38% used [0x00000000b9800000,0x00000000ba010b70,0x00000000bad00000)
Event: 9.340 GC heap after
Heap after GC invocations=13 (full 4):
 PSYoungGen      total 149504K, used 32227K [0x00000000ebf00000, 0x00000000fdc00000, 0x0000000100000000)
  eden space 59392K, 0% used [0x00000000ebf00000,0x00000000ebf00000,0x00000000ef900000)
  from space 90112K, 35% used [0x00000000ef900000,0x00000000f1878fa0,0x00000000f5100000)
  to   space 109568K, 0% used [0x00000000f7100000,0x00000000f7100000,0x00000000fdc00000)
 ParOldGen       total 425472K, used 302817K [0x00000000c3e00000, 0x00000000ddd80000, 0x00000000ebf00000)
  object space 425472K, 71% used [0x00000000c3e00000,0x00000000d65b8648,0x00000000ddd80000)
 PSPermGen       total 21504K, used 8258K [0x00000000b9800000, 0x00000000bad00000, 0x00000000c3e00000)
  object space 21504K, 38% used [0x00000000b9800000,0x00000000ba010b70,0x00000000bad00000)
}
Event: 9.518 GC heap before
{Heap before GC invocations=14 (full 4):
 PSYoungGen      total 149504K, used 91619K [0x00000000ebf00000, 0x00000000fdc00000, 0x0000000100000000)
  eden space 59392K, 100% used [0x00000000ebf00000,0x00000000ef900000,0x00000000ef900000)
  from space 90112K, 35% used [0x00000000ef900000,0x00000000f1878fa0,0x00000000f5100000)
  to   space 109568K, 0% used [0x00000000f7100000,0x00000000f7100000,0x00000000fdc00000)
 ParOldGen       total 425472K, used 302817K [0x00000000c3e00000, 0x00000000ddd80000, 0x00000000ebf00000)
  object space 425472K, 71% used [0x00000000c3e00000,0x00000000d65b8648,0x00000000ddd80000)
 PSPermGen       total 21504K, used 8259K [0x00000000b9800000, 0x00000000bad00000, 0x00000000c3e00000)
  object space 21504K, 38% used [0x00000000b9800000,0x00000000ba010e50,0x00000000bad00000)
Event: 10.058 GC heap after
Heap after GC invocations=14 (full 4):
 PSYoungGen      total 179200K, used 91488K [0x00000000ebf00000, 0x00000000fda80000, 0x0000000100000000)
  eden space 71168K, 0% used [0x00000000ebf00000,0x00000000ebf00000,0x00000000f0480000)
  from space 108032K, 84% used [0x00000000f7100000,0x00000000fca58000,0x00000000fda80000)
  to   space 109568K, 0% used [0x00000000f0480000,0x00000000f0480000,0x00000000f6f80000)
 ParOldGen       total 425472K, used 302817K [0x00000000c3e00000, 0x00000000ddd80000, 0x00000000ebf00000)
  object space 425472K, 71% used [0x00000000c3e00000,0x00000000d65b8648,0x00000000ddd80000)
 PSPermGen       total 21504K, used 8259K [0x00000000b9800000, 0x00000000bad00000, 0x00000000c3e00000)
  object space 21504K, 38% used [0x00000000b9800000,0x00000000ba010e50,0x00000000bad00000)
}
Event: 10.313 GC heap before
{Heap before GC invocations=15 (full 4):
 PSYoungGen      total 179200K, used 162656K [0x00000000ebf00000, 0x00000000fda80000, 0x0000000100000000)
  eden space 71168K, 100% used [0x00000000ebf00000,0x00000000f0480000,0x00000000f0480000)
  from space 108032K, 84% used [0x00000000f7100000,0x00000000fca58000,0x00000000fda80000)
  to   space 109568K, 0% used [0x00000000f0480000,0x00000000f0480000,0x00000000f6f80000)
 ParOldGen       total 425472K, used 302817K [0x00000000c3e00000, 0x00000000ddd80000, 0x00000000ebf00000)
  object space 425472K, 71% used [0x00000000c3e00000,0x00000000d65b8648,0x00000000ddd80000)
 PSPermGen       total 21504K, used 8260K [0x00000000b9800000, 0x00000000bad00000, 0x00000000c3e00000)
  object space 21504K, 38% used [0x00000000b9800000,0x00000000ba0112f0,0x00000000bad00000)
Event: 11.032 GC heap after
Heap after GC invocations=15 (full 4):
 PSYoungGen      total 180736K, used 109568K [0x00000000ebf00000, 0x00000000feb80000, 0x0000000100000000)
  eden space 71168K, 0% used [0x00000000ebf00000,0x00000000ebf00000,0x00000000f0480000)
  from space 109568K, 100% used [0x00000000f0480000,0x00000000f6f80000,0x00000000f6f80000)
  to   space 109568K, 0% used [0x00000000f8080000,0x00000000f8080000,0x00000000feb80000)
 ParOldGen       total 425472K, used 356041K [0x00000000c3e00000, 0x00000000ddd80000, 0x00000000ebf00000)
  object space 425472K, 83% used [0x00000000c3e00000,0x00000000d99b2648,0x00000000ddd80000)
 PSPermGen       total 21504K, used 8260K [0x00000000b9800000, 0x00000000bad00000, 0x00000000c3e00000)
  object space 21504K, 38% used [0x00000000b9800000,0x00000000ba0112f0,0x00000000bad00000)
}
Event: 11.256 GC heap before
{Heap before GC invocations=16 (full 4):
 PSYoungGen      total 180736K, used 180736K [0x00000000ebf00000, 0x00000000feb80000, 0x0000000100000000)
  eden space 71168K, 100% used [0x00000000ebf00000,0x00000000f0480000,0x00000000f0480000)
  from space 109568K, 100% used [0x00000000f0480000,0x00000000f6f80000,0x00000000f6f80000)
  to   space 109568K, 0% used [0x00000000f8080000,0x00000000f8080000,0x00000000feb80000)
 ParOldGen       total 425472K, used 356041K [0x00000000c3e00000, 0x00000000ddd80000, 0x00000000ebf00000)
  object space 425472K, 83% used [0x00000000c3e00000,0x00000000d99b2648,0x00000000ddd80000)
 PSPermGen       total 21504K, used 8261K [0x00000000b9800000, 0x00000000bad00000, 0x00000000c3e00000)
  object space 21504K, 38% used [0x00000000b9800000,0x00000000ba011530,0x00000000bad00000)
Event: 11.824 GC heap after
Heap after GC invocations=16 (full 4):
 PSYoungGen      total 198144K, used 109568K [0x00000000ebf00000, 0x00000000fef00000, 0x0000000100000000)
  eden space 88576K, 0% used [0x00000000ebf00000,0x00000000ebf00000,0x00000000f1580000)
  from space 109568K, 100% used [0x00000000f8080000,0x00000000feb80000,0x00000000feb80000)
  to   space 109568K, 0% used [0x00000000f1580000,0x00000000f1580000,0x00000000f8080000)
 ParOldGen       total 428032K, used 427433K [0x00000000c3e00000, 0x00000000de000000, 0x00000000ebf00000)
  object space 428032K, 99% used [0x00000000c3e00000,0x00000000ddf6a648,0x00000000de000000)
 PSPermGen       total 21504K, used 8261K [0x00000000b9800000, 0x00000000bad00000, 0x00000000c3e00000)
  object space 21504K, 38% used [0x00000000b9800000,0x00000000ba011530,0x00000000bad00000)
}
Event: 11.824 GC heap before
{Heap before GC invocations=17 (full 5):
 PSYoungGen      total 198144K, used 109568K [0x00000000ebf00000, 0x00000000fef00000, 0x0000000100000000)
  eden space 88576K, 0% used [0x00000000ebf00000,0x00000000ebf00000,0x00000000f1580000)
  from space 109568K, 100% used [0x00000000f8080000,0x00000000feb80000,0x00000000feb80000)
  to   space 109568K, 0% used [0x00000000f1580000,0x00000000f1580000,0x00000000f8080000)
 ParOldGen       total 428032K, used 427433K [0x00000000c3e00000, 0x00000000de000000, 0x00000000ebf00000)
  object space 428032K, 99% used [0x00000000c3e00000,0x00000000ddf6a648,0x00000000de000000)
 PSPermGen       total 21504K, used 8261K [0x00000000b9800000, 0x00000000bad00000, 0x00000000c3e00000)
  object space 21504K, 38% used [0x00000000b9800000,0x00000000ba011530,0x00000000bad00000)

